<?xml version="1.0" encoding="UTF-8"?>
<!-- Generated by org.testng.reporters.JUnitXMLReporter -->
<testsuite hostname="DESKTOP-ONN44VL" ignored="0" name="Test" tests="6" failures="0" timestamp="21 Mar 2018 16:45:37 GMT" time="87.199" errors="0">
  <testcase name="TC01_ValidLoginCredentials" time="1.924" classname="testScripts.ValidateLoginPage"/>
  <testcase name="TC02_InValidLoginCredentials" time="6.545" classname="testScripts.ValidateLoginPage"/>
  <testcase name="TC_01_Positive" time="10.435" classname="testScripts.CreateNewCustomer"/>
  <testcase name="TC_02_Negative" time="6.332" classname="testScripts.CreateNewCustomer"/>
  <testcase name="TC_01" time="13.134" classname="testScripts.EditCustomer"/>
  <testcase name="TC_02_negative" time="0.002" classname="testScripts.EditCustomer"/>
</testsuite> <!-- Test -->
