<?xml version="1.0" encoding="UTF-8"?>
<testng-results skipped="0" failed="0" ignored="0" total="6" passed="6">
  <reporter-output>
  </reporter-output>
  <suite name="Suite" duration-ms="87199" started-at="2018-03-21T16:44:10Z" finished-at="2018-03-21T16:45:37Z">
    <groups>
    </groups>
    <test name="Test" duration-ms="87199" started-at="2018-03-21T16:44:10Z" finished-at="2018-03-21T16:45:37Z">
      <class name="testScripts.EditCustomer">
        <test-method status="PASS" signature="browserSetUp()[pri:0, instance:testScripts.EditCustomer@5b275dab]" name="browserSetUp" is-config="true" duration-ms="5912" started-at="2018-03-21T12:45:10Z" finished-at="2018-03-21T12:45:16Z">
          <reporter-output>
          </reporter-output>
        </test-method> <!-- browserSetUp -->
        <test-method status="PASS" signature="TC_01()[pri:0, instance:testScripts.EditCustomer@5b275dab]" name="TC_01" duration-ms="13134" started-at="2018-03-21T12:45:16Z" finished-at="2018-03-21T12:45:29Z">
          <reporter-output>
          </reporter-output>
        </test-method> <!-- TC_01 -->
        <test-method status="PASS" signature="cleanUpBrowser()[pri:0, instance:testScripts.EditCustomer@5b275dab]" name="cleanUpBrowser" is-config="true" duration-ms="1341" started-at="2018-03-21T12:45:29Z" finished-at="2018-03-21T12:45:30Z">
          <reporter-output>
          </reporter-output>
        </test-method> <!-- cleanUpBrowser -->
        <test-method status="PASS" signature="browserSetUp()[pri:0, instance:testScripts.EditCustomer@5b275dab]" name="browserSetUp" is-config="true" duration-ms="5933" started-at="2018-03-21T12:45:30Z" finished-at="2018-03-21T12:45:36Z">
          <reporter-output>
          </reporter-output>
        </test-method> <!-- browserSetUp -->
        <test-method status="PASS" signature="TC_02_negative()[pri:0, instance:testScripts.EditCustomer@5b275dab]" name="TC_02_negative" duration-ms="2" started-at="2018-03-21T12:45:36Z" finished-at="2018-03-21T12:45:36Z">
          <reporter-output>
          </reporter-output>
        </test-method> <!-- TC_02_negative -->
        <test-method status="PASS" signature="cleanUpBrowser()[pri:0, instance:testScripts.EditCustomer@5b275dab]" name="cleanUpBrowser" is-config="true" duration-ms="1116" started-at="2018-03-21T12:45:36Z" finished-at="2018-03-21T12:45:37Z">
          <reporter-output>
          </reporter-output>
        </test-method> <!-- cleanUpBrowser -->
      </class> <!-- testScripts.EditCustomer -->
      <class name="testScripts.CreateNewCustomer">
        <test-method status="PASS" signature="browserSetUp()[pri:0, instance:testScripts.CreateNewCustomer@523884b2]" name="browserSetUp" is-config="true" duration-ms="8673" started-at="2018-03-21T12:44:36Z" finished-at="2018-03-21T12:44:45Z">
          <reporter-output>
          </reporter-output>
        </test-method> <!-- browserSetUp -->
        <test-method status="PASS" signature="TC_01_Positive()[pri:0, instance:testScripts.CreateNewCustomer@523884b2]" name="TC_01_Positive" duration-ms="10435" started-at="2018-03-21T12:44:45Z" finished-at="2018-03-21T12:44:55Z">
          <reporter-output>
          </reporter-output>
        </test-method> <!-- TC_01_Positive -->
        <test-method status="PASS" signature="cleanUpBrowser()[pri:0, instance:testScripts.CreateNewCustomer@523884b2]" name="cleanUpBrowser" is-config="true" duration-ms="1099" started-at="2018-03-21T12:44:55Z" finished-at="2018-03-21T12:44:57Z">
          <reporter-output>
          </reporter-output>
        </test-method> <!-- cleanUpBrowser -->
        <test-method status="PASS" signature="browserSetUp()[pri:0, instance:testScripts.CreateNewCustomer@523884b2]" name="browserSetUp" is-config="true" duration-ms="5657" started-at="2018-03-21T12:44:57Z" finished-at="2018-03-21T12:45:02Z">
          <reporter-output>
          </reporter-output>
        </test-method> <!-- browserSetUp -->
        <test-method status="PASS" signature="TC_02_Negative()[pri:0, instance:testScripts.CreateNewCustomer@523884b2]" name="TC_02_Negative" duration-ms="6332" started-at="2018-03-21T12:45:02Z" finished-at="2018-03-21T12:45:09Z">
          <reporter-output>
          </reporter-output>
        </test-method> <!-- TC_02_Negative -->
        <test-method status="PASS" signature="cleanUpBrowser()[pri:0, instance:testScripts.CreateNewCustomer@523884b2]" name="cleanUpBrowser" is-config="true" duration-ms="1111" started-at="2018-03-21T12:45:09Z" finished-at="2018-03-21T12:45:10Z">
          <reporter-output>
          </reporter-output>
        </test-method> <!-- cleanUpBrowser -->
      </class> <!-- testScripts.CreateNewCustomer -->
      <class name="testScripts.ValidateLoginPage">
        <test-method status="PASS" signature="browserSetUp()[pri:0, instance:testScripts.ValidateLoginPage@4501b7af]" name="browserSetUp" is-config="true" duration-ms="9657" started-at="2018-03-21T12:44:10Z" finished-at="2018-03-21T12:44:20Z">
          <reporter-output>
          </reporter-output>
        </test-method> <!-- browserSetUp -->
        <test-method status="PASS" signature="TC01_ValidLoginCredentials()[pri:0, instance:testScripts.ValidateLoginPage@4501b7af]" name="TC01_ValidLoginCredentials" duration-ms="1924" started-at="2018-03-21T12:44:20Z" finished-at="2018-03-21T12:44:22Z">
          <reporter-output>
          </reporter-output>
        </test-method> <!-- TC01_ValidLoginCredentials -->
        <test-method status="PASS" signature="cleanUpBrowser()[pri:0, instance:testScripts.ValidateLoginPage@4501b7af]" name="cleanUpBrowser" is-config="true" duration-ms="1066" started-at="2018-03-21T12:44:22Z" finished-at="2018-03-21T12:44:23Z">
          <reporter-output>
          </reporter-output>
        </test-method> <!-- cleanUpBrowser -->
        <test-method status="PASS" signature="browserSetUp()[pri:0, instance:testScripts.ValidateLoginPage@4501b7af]" name="browserSetUp" is-config="true" duration-ms="6300" started-at="2018-03-21T12:44:23Z" finished-at="2018-03-21T12:44:29Z">
          <reporter-output>
          </reporter-output>
        </test-method> <!-- browserSetUp -->
        <test-method status="PASS" signature="TC02_InValidLoginCredentials()[pri:0, instance:testScripts.ValidateLoginPage@4501b7af]" name="TC02_InValidLoginCredentials" duration-ms="6545" started-at="2018-03-21T12:44:29Z" finished-at="2018-03-21T12:44:35Z">
          <reporter-output>
          </reporter-output>
        </test-method> <!-- TC02_InValidLoginCredentials -->
        <test-method status="PASS" signature="cleanUpBrowser()[pri:0, instance:testScripts.ValidateLoginPage@4501b7af]" name="cleanUpBrowser" is-config="true" duration-ms="884" started-at="2018-03-21T12:44:35Z" finished-at="2018-03-21T12:44:36Z">
          <reporter-output>
          </reporter-output>
        </test-method> <!-- cleanUpBrowser -->
      </class> <!-- testScripts.ValidateLoginPage -->
    </test> <!-- Test -->
  </suite> <!-- Suite -->
</testng-results>
